Harbor coordinates: 0,2 
Fish group 1 is at coordinates 2,0 
Fish group 2 is at coordinates 2,2 
Fish group 2 is at coordinates 3,2 

Grid:
0     0     1     0     
0     0     0     0     
0f1   0     0f2   0     
0     0     0     0     

Fish group 1 is at coordinates 1,0 

Grid:
0     0     1     0     
0f1   0     0     0     
0     0     0     0     
0     0     0f2   0     

Fish group 1 is at coordinates 1,3 
Fish group 2 is at coordinates 3,3 
Fish group 1 is at coordinates 0,3 

Grid:
0     0     1     0     
0     0     0     0f1   
0     0     0     0     
0     0     0     0f2   

Fish group 2 is at coordinates 2,3 
Fish group 1 is at coordinates 3,3 

Grid:
0     0     1     0f1   
0     0     0     0     
0     0     0     0f2   
0     0     0     0     

Fish group 2 is at coordinates 1,3 

Grid:
0     0     1     0     
0     0     0     0f2   
0     0     0     0     
0     0     0     0f1   

Fish group 1 is at coordinates 0,3 

Grid:
0     0     1     0f1   
0     0     0     0     
0     0     0     0     
0     0     0     0     

Fish group 1 is at coordinates 3,3 
Fish group 2 is at coordinates 1,3 
Fish group 2 is at coordinates 1,2 
Fish group 1 is at coordinates 0,3 

Grid:
0     0     1     0     
0     0     0     0f2   
0     0     0     0     
0     0     0     0f1   

Fish group 2 is at coordinates 1,1 
Fish group 1 is at coordinates 1,3 

Grid:
0     0     1     0f1   
0     0     0f2   0     
0     0     0     0     
0     0     0     0     

Fish group 1 is at coordinates 1,0 

Grid:
0     0     1     0     
0     0f2   0     0f1   
0     0     0     0     
0     0     0     0     


Grid:
0     0     1     0     
0f1   0     0     0     
0     0     0     0     
0     0     0     0     

